This file contains any messages produced by compilers while
running configure, to aid debugging if configure makes a mistake.

It was created by ipps configure 1.0.0, which was
generated by GNU Autoconf 2.69.  Invocation command line was

  $ ./configure 

## --------- ##
## Platform. ##
## --------- ##

hostname = centos7-dev
uname -m = x86_64
uname -r = 3.10.0-514.2.2.el7.x86_64
uname -s = Linux
uname -v = #1 SMP Tue Dec 6 23:06:41 UTC 2016

/usr/bin/uname -p = x86_64
/bin/uname -X     = unknown

/bin/arch              = x86_64
/usr/bin/arch -k       = unknown
/usr/convex/getsysinfo = unknown
/usr/bin/hostinfo      = unknown
/bin/machine           = unknown
/usr/bin/oslevel       = unknown
/bin/universe          = unknown

PATH: /usr/local/bin
PATH: /usr/local/sbin
PATH: /usr/bin
PATH: /usr/sbin
PATH: /bin
PATH: /sbin
PATH: /home/tsumardi/.local/bin
PATH: /home/tsumardi/bin


## ----------- ##
## Core tests. ##
## ----------- ##

configure:2274: checking for a BSD-compatible install
configure:2342: result: /usr/bin/install -c
configure:2353: checking whether build environment is sane
configure:2408: result: yes
configure:2559: checking for a thread-safe mkdir -p
configure:2598: result: /usr/bin/mkdir -p
configure:2605: checking for gawk
configure:2621: found /usr/bin/gawk
configure:2632: result: gawk
configure:2643: checking whether make sets $(MAKE)
configure:2665: result: yes
configure:2694: checking whether make supports nested variables
configure:2711: result: yes
configure:2844: checking for ranlib
configure:2860: found /usr/bin/ranlib
configure:2871: result: ranlib
configure:2947: checking for pkg-config
configure:2965: found /usr/bin/pkg-config
configure:2977: result: /usr/bin/pkg-config
configure:3002: checking pkg-config is at least version 0.9.0
configure:3005: result: yes
configure:3020: checking for glib2
configure:3027: $PKG_CONFIG --exists --print-errors "glib-2.0 >= 2.42"
configure:3030: $? = 0
configure:3044: $PKG_CONFIG --exists --print-errors "glib-2.0 >= 2.42"
configure:3047: $? = 0
configure:3105: result: yes
configure:3169: checking for g++
configure:3185: found /usr/bin/g++
configure:3196: result: g++
configure:3223: checking for C++ compiler version
configure:3232: g++ --version >&5
g++ (GCC) 4.8.5 20150623 (Red Hat 4.8.5-11)
Copyright (C) 2015 Free Software Foundation, Inc.
This is free software; see the source for copying conditions.  There is NO
warranty; not even for MERCHANTABILITY or FITNESS FOR A PARTICULAR PURPOSE.

configure:3243: $? = 0
configure:3232: g++ -v >&5
Using built-in specs.
COLLECT_GCC=g++
COLLECT_LTO_WRAPPER=/usr/libexec/gcc/x86_64-redhat-linux/4.8.5/lto-wrapper
Target: x86_64-redhat-linux
Configured with: ../configure --prefix=/usr --mandir=/usr/share/man --infodir=/usr/share/info --with-bugurl=http://bugzilla.redhat.com/bugzilla --enable-bootstrap --enable-shared --enable-threads=posix --enable-checking=release --with-system-zlib --enable-__cxa_atexit --disable-libunwind-exceptions --enable-gnu-unique-object --enable-linker-build-id --with-linker-hash-style=gnu --enable-languages=c,c++,objc,obj-c++,java,fortran,ada,go,lto --enable-plugin --enable-initfini-array --disable-libgcj --with-isl=/builddir/build/BUILD/gcc-4.8.5-20150702/obj-x86_64-redhat-linux/isl-install --with-cloog=/builddir/build/BUILD/gcc-4.8.5-20150702/obj-x86_64-redhat-linux/cloog-install --enable-gnu-indirect-function --with-tune=generic --with-arch_32=x86-64 --build=x86_64-redhat-linux
Thread model: posix
gcc version 4.8.5 20150623 (Red Hat 4.8.5-11) (GCC) 
configure:3243: $? = 0
configure:3232: g++ -V >&5
g++: error: unrecognized command line option '-V'
g++: fatal error: no input files
compilation terminated.
configure:3243: $? = 4
configure:3232: g++ -qversion >&5
g++: error: unrecognized command line option '-qversion'
g++: fatal error: no input files
compilation terminated.
configure:3243: $? = 4
configure:3263: checking whether the C++ compiler works
configure:3285: g++  -I ../../../cpp  conftest.cpp  >&5
configure:3289: $? = 0
configure:3337: result: yes
configure:3340: checking for C++ compiler default output file name
configure:3342: result: a.out
configure:3348: checking for suffix of executables
configure:3355: g++ -o conftest  -I ../../../cpp  conftest.cpp  >&5
configure:3359: $? = 0
configure:3381: result: 
configure:3403: checking whether we are cross compiling
configure:3411: g++ -o conftest  -I ../../../cpp  conftest.cpp  >&5
configure:3415: $? = 0
configure:3422: ./conftest
configure:3426: $? = 0
configure:3441: result: no
configure:3446: checking for suffix of object files
configure:3468: g++ -c  -I ../../../cpp conftest.cpp >&5
configure:3472: $? = 0
configure:3493: result: o
configure:3497: checking whether we are using the GNU C++ compiler
configure:3516: g++ -c  -I ../../../cpp conftest.cpp >&5
configure:3516: $? = 0
configure:3525: result: yes
configure:3534: checking whether g++ accepts -g
configure:3554: g++ -c -g -I ../../../cpp conftest.cpp >&5
configure:3554: $? = 0
configure:3595: result: yes
configure:3629: checking for style of include used by make
configure:3657: result: GNU
configure:3683: checking dependency style of g++
configure:3794: result: gcc3
configure:3857: checking for gcc
configure:3873: found /usr/bin/gcc
configure:3884: result: gcc
configure:4113: checking for C compiler version
configure:4122: gcc --version >&5
gcc (GCC) 4.8.5 20150623 (Red Hat 4.8.5-11)
Copyright (C) 2015 Free Software Foundation, Inc.
This is free software; see the source for copying conditions.  There is NO
warranty; not even for MERCHANTABILITY or FITNESS FOR A PARTICULAR PURPOSE.

configure:4133: $? = 0
configure:4122: gcc -v >&5
Using built-in specs.
COLLECT_GCC=gcc
COLLECT_LTO_WRAPPER=/usr/libexec/gcc/x86_64-redhat-linux/4.8.5/lto-wrapper
Target: x86_64-redhat-linux
Configured with: ../configure --prefix=/usr --mandir=/usr/share/man --infodir=/usr/share/info --with-bugurl=http://bugzilla.redhat.com/bugzilla --enable-bootstrap --enable-shared --enable-threads=posix --enable-checking=release --with-system-zlib --enable-__cxa_atexit --disable-libunwind-exceptions --enable-gnu-unique-object --enable-linker-build-id --with-linker-hash-style=gnu --enable-languages=c,c++,objc,obj-c++,java,fortran,ada,go,lto --enable-plugin --enable-initfini-array --disable-libgcj --with-isl=/builddir/build/BUILD/gcc-4.8.5-20150702/obj-x86_64-redhat-linux/isl-install --with-cloog=/builddir/build/BUILD/gcc-4.8.5-20150702/obj-x86_64-redhat-linux/cloog-install --enable-gnu-indirect-function --with-tune=generic --with-arch_32=x86-64 --build=x86_64-redhat-linux
Thread model: posix
gcc version 4.8.5 20150623 (Red Hat 4.8.5-11) (GCC) 
configure:4133: $? = 0
configure:4122: gcc -V >&5
gcc: error: unrecognized command line option '-V'
gcc: fatal error: no input files
compilation terminated.
configure:4133: $? = 4
configure:4122: gcc -qversion >&5
gcc: error: unrecognized command line option '-qversion'
gcc: fatal error: no input files
compilation terminated.
configure:4133: $? = 4
configure:4137: checking whether we are using the GNU C compiler
configure:4156: gcc -c  -I ../../../cpp conftest.c >&5
configure:4156: $? = 0
configure:4165: result: yes
configure:4174: checking whether gcc accepts -g
configure:4194: gcc -c -g -I ../../../cpp conftest.c >&5
configure:4194: $? = 0
configure:4235: result: yes
configure:4252: checking for gcc option to accept ISO C89
configure:4315: gcc  -c -g -O2 -I ../../../cpp conftest.c >&5
configure:4315: $? = 0
configure:4328: result: none needed
configure:4350: checking dependency style of gcc
configure:4461: result: gcc3
configure:4486: checking how to run the C preprocessor
configure:4517: gcc -E -I ../../../cpp conftest.c
configure:4517: $? = 0
configure:4531: gcc -E -I ../../../cpp conftest.c
conftest.c:11:28: fatal error: ac_nonexistent.h: No such file or directory
 #include <ac_nonexistent.h>
                            ^
compilation terminated.
configure:4531: $? = 1
configure: failed program was:
| /* confdefs.h */
| #define PACKAGE_NAME "ipps"
| #define PACKAGE_TARNAME "ipps"
| #define PACKAGE_VERSION "1.0.0"
| #define PACKAGE_STRING "ipps 1.0.0"
| #define PACKAGE_BUGREPORT "tsumardi@gmail.com"
| #define PACKAGE_URL ""
| #define PACKAGE "ipps"
| #define VERSION "1.0.0"
| /* end confdefs.h.  */
| #include <ac_nonexistent.h>
configure:4556: result: gcc -E
configure:4576: gcc -E -I ../../../cpp conftest.c
configure:4576: $? = 0
configure:4590: gcc -E -I ../../../cpp conftest.c
conftest.c:11:28: fatal error: ac_nonexistent.h: No such file or directory
 #include <ac_nonexistent.h>
                            ^
compilation terminated.
configure:4590: $? = 1
configure: failed program was:
| /* confdefs.h */
| #define PACKAGE_NAME "ipps"
| #define PACKAGE_TARNAME "ipps"
| #define PACKAGE_VERSION "1.0.0"
| #define PACKAGE_STRING "ipps 1.0.0"
| #define PACKAGE_BUGREPORT "tsumardi@gmail.com"
| #define PACKAGE_URL ""
| #define PACKAGE "ipps"
| #define VERSION "1.0.0"
| /* end confdefs.h.  */
| #include <ac_nonexistent.h>
configure:4619: checking for grep that handles long lines and -e
configure:4677: result: /usr/bin/grep
configure:4682: checking for egrep
configure:4744: result: /usr/bin/grep -E
configure:4749: checking for ANSI C header files
configure:4769: gcc -c -g -O2 -I ../../../cpp conftest.c >&5
configure:4769: $? = 0
configure:4842: gcc -o conftest -g -O2 -I ../../../cpp  conftest.c  >&5
configure:4842: $? = 0
configure:4842: ./conftest
configure:4842: $? = 0
configure:4853: result: yes
configure:4866: checking for sys/types.h
configure:4866: gcc -c -g -O2 -I ../../../cpp conftest.c >&5
configure:4866: $? = 0
configure:4866: result: yes
configure:4866: checking for sys/stat.h
configure:4866: gcc -c -g -O2 -I ../../../cpp conftest.c >&5
configure:4866: $? = 0
configure:4866: result: yes
configure:4866: checking for stdlib.h
configure:4866: gcc -c -g -O2 -I ../../../cpp conftest.c >&5
configure:4866: $? = 0
configure:4866: result: yes
configure:4866: checking for string.h
configure:4866: gcc -c -g -O2 -I ../../../cpp conftest.c >&5
configure:4866: $? = 0
configure:4866: result: yes
configure:4866: checking for memory.h
configure:4866: gcc -c -g -O2 -I ../../../cpp conftest.c >&5
configure:4866: $? = 0
configure:4866: result: yes
configure:4866: checking for strings.h
configure:4866: gcc -c -g -O2 -I ../../../cpp conftest.c >&5
configure:4866: $? = 0
configure:4866: result: yes
configure:4866: checking for inttypes.h
configure:4866: gcc -c -g -O2 -I ../../../cpp conftest.c >&5
configure:4866: $? = 0
configure:4866: result: yes
configure:4866: checking for stdint.h
configure:4866: gcc -c -g -O2 -I ../../../cpp conftest.c >&5
configure:4866: $? = 0
configure:4866: result: yes
configure:4866: checking for unistd.h
configure:4866: gcc -c -g -O2 -I ../../../cpp conftest.c >&5
configure:4866: $? = 0
configure:4866: result: yes
configure:4881: checking for stdlib.h
configure:4881: result: yes
configure:4881: checking for string.h
configure:4881: result: yes
configure:4903: checking how to run the C++ preprocessor
configure:4930: g++ -E -I ../../../cpp conftest.cpp
configure:4930: $? = 0
configure:4944: g++ -E -I ../../../cpp conftest.cpp
conftest.cpp:23:28: fatal error: ac_nonexistent.h: No such file or directory
 #include <ac_nonexistent.h>
                            ^
compilation terminated.
configure:4944: $? = 1
configure: failed program was:
| /* confdefs.h */
| #define PACKAGE_NAME "ipps"
| #define PACKAGE_TARNAME "ipps"
| #define PACKAGE_VERSION "1.0.0"
| #define PACKAGE_STRING "ipps 1.0.0"
| #define PACKAGE_BUGREPORT "tsumardi@gmail.com"
| #define PACKAGE_URL ""
| #define PACKAGE "ipps"
| #define VERSION "1.0.0"
| #define STDC_HEADERS 1
| #define HAVE_SYS_TYPES_H 1
| #define HAVE_SYS_STAT_H 1
| #define HAVE_STDLIB_H 1
| #define HAVE_STRING_H 1
| #define HAVE_MEMORY_H 1
| #define HAVE_STRINGS_H 1
| #define HAVE_INTTYPES_H 1
| #define HAVE_STDINT_H 1
| #define HAVE_UNISTD_H 1
| #define HAVE_STDLIB_H 1
| #define HAVE_STRING_H 1
| /* end confdefs.h.  */
| #include <ac_nonexistent.h>
configure:4969: result: g++ -E
configure:4989: g++ -E -I ../../../cpp conftest.cpp
configure:4989: $? = 0
configure:5003: g++ -E -I ../../../cpp conftest.cpp
conftest.cpp:23:28: fatal error: ac_nonexistent.h: No such file or directory
 #include <ac_nonexistent.h>
                            ^
compilation terminated.
configure:5003: $? = 1
configure: failed program was:
| /* confdefs.h */
| #define PACKAGE_NAME "ipps"
| #define PACKAGE_TARNAME "ipps"
| #define PACKAGE_VERSION "1.0.0"
| #define PACKAGE_STRING "ipps 1.0.0"
| #define PACKAGE_BUGREPORT "tsumardi@gmail.com"
| #define PACKAGE_URL ""
| #define PACKAGE "ipps"
| #define VERSION "1.0.0"
| #define STDC_HEADERS 1
| #define HAVE_SYS_TYPES_H 1
| #define HAVE_SYS_STAT_H 1
| #define HAVE_STDLIB_H 1
| #define HAVE_STRING_H 1
| #define HAVE_MEMORY_H 1
| #define HAVE_STRINGS_H 1
| #define HAVE_INTTYPES_H 1
| #define HAVE_STDINT_H 1
| #define HAVE_UNISTD_H 1
| #define HAVE_STDLIB_H 1
| #define HAVE_STRING_H 1
| /* end confdefs.h.  */
| #include <ac_nonexistent.h>
configure:5034: checking boost/foreach.hpp usability
configure:5034: g++ -c -g -O2 -I ../../../cpp conftest.cpp >&5
configure:5034: $? = 0
configure:5034: result: yes
configure:5034: checking boost/foreach.hpp presence
configure:5034: g++ -E -I ../../../cpp conftest.cpp
configure:5034: $? = 0
configure:5034: result: yes
configure:5034: checking for boost/foreach.hpp
configure:5034: result: yes
configure:5168: checking that generated files are newer than configure
configure:5174: result: done
configure:5201: creating ./config.status

## ---------------------- ##
## Running config.status. ##
## ---------------------- ##

This file was extended by ipps config.status 1.0.0, which was
generated by GNU Autoconf 2.69.  Invocation command line was

  CONFIG_FILES    = 
  CONFIG_HEADERS  = 
  CONFIG_LINKS    = 
  CONFIG_COMMANDS = 
  $ ./config.status 

on centos7-dev

config.status:872: creating Makefile
config.status:872: creating doc/Makefile
config.status:872: creating man/Makefile
config.status:872: creating scripts/Makefile
config.status:872: creating src/Makefile
config.status:872: creating config.h
config.status:1101: executing depfiles commands

## ---------------- ##
## Cache variables. ##
## ---------------- ##

ac_cv_c_compiler_gnu=yes
ac_cv_cxx_compiler_gnu=yes
ac_cv_env_CCC_set=
ac_cv_env_CCC_value=
ac_cv_env_CC_set=
ac_cv_env_CC_value=
ac_cv_env_CFLAGS_set=
ac_cv_env_CFLAGS_value=
ac_cv_env_CPPFLAGS_set=
ac_cv_env_CPPFLAGS_value=
ac_cv_env_CPP_set=
ac_cv_env_CPP_value=
ac_cv_env_CXXCPP_set=
ac_cv_env_CXXCPP_value=
ac_cv_env_CXXFLAGS_set=
ac_cv_env_CXXFLAGS_value=
ac_cv_env_CXX_set=
ac_cv_env_CXX_value=
ac_cv_env_LDFLAGS_set=
ac_cv_env_LDFLAGS_value=
ac_cv_env_LIBS_set=
ac_cv_env_LIBS_value=
ac_cv_env_PKG_CONFIG_LIBDIR_set=
ac_cv_env_PKG_CONFIG_LIBDIR_value=
ac_cv_env_PKG_CONFIG_PATH_set=
ac_cv_env_PKG_CONFIG_PATH_value=
ac_cv_env_PKG_CONFIG_set=
ac_cv_env_PKG_CONFIG_value=
ac_cv_env_build_alias_set=
ac_cv_env_build_alias_value=
ac_cv_env_glib2_CFLAGS_set=
ac_cv_env_glib2_CFLAGS_value=
ac_cv_env_glib2_LIBS_set=
ac_cv_env_glib2_LIBS_value=
ac_cv_env_host_alias_set=
ac_cv_env_host_alias_value=
ac_cv_env_target_alias_set=
ac_cv_env_target_alias_value=
ac_cv_header_boost_foreach_hpp=yes
ac_cv_header_inttypes_h=yes
ac_cv_header_memory_h=yes
ac_cv_header_stdc=yes
ac_cv_header_stdint_h=yes
ac_cv_header_stdlib_h=yes
ac_cv_header_string_h=yes
ac_cv_header_strings_h=yes
ac_cv_header_sys_stat_h=yes
ac_cv_header_sys_types_h=yes
ac_cv_header_unistd_h=yes
ac_cv_objext=o
ac_cv_path_EGREP='/usr/bin/grep -E'
ac_cv_path_GREP=/usr/bin/grep
ac_cv_path_ac_pt_PKG_CONFIG=/usr/bin/pkg-config
ac_cv_path_install='/usr/bin/install -c'
ac_cv_path_mkdir=/usr/bin/mkdir
ac_cv_prog_AWK=gawk
ac_cv_prog_CPP='gcc -E'
ac_cv_prog_CXXCPP='g++ -E'
ac_cv_prog_ac_ct_CC=gcc
ac_cv_prog_ac_ct_CXX=g++
ac_cv_prog_ac_ct_RANLIB=ranlib
ac_cv_prog_cc_c89=
ac_cv_prog_cc_g=yes
ac_cv_prog_cxx_g=yes
ac_cv_prog_make_make_set=yes
am_cv_CC_dependencies_compiler_type=gcc3
am_cv_CXX_dependencies_compiler_type=gcc3
am_cv_make_support_nested_variables=yes
pkg_cv_glib2_CFLAGS='-I/usr/include/glib-2.0 -I/usr/lib64/glib-2.0/include  '
pkg_cv_glib2_LIBS='-lglib-2.0  '

## ----------------- ##
## Output variables. ##
## ----------------- ##

ACLOCAL='${SHELL} /home/tsumardi/madeline/components/etc/cpp/mutil/missing aclocal-1.13'
AMDEPBACKSLASH='\'
AMDEP_FALSE='#'
AMDEP_TRUE=''
AMTAR='$${TAR-tar}'
AM_BACKSLASH='\'
AM_DEFAULT_V='$(AM_DEFAULT_VERBOSITY)'
AM_DEFAULT_VERBOSITY='1'
AM_V='$(V)'
AUTOCONF='${SHELL} /home/tsumardi/madeline/components/etc/cpp/mutil/missing autoconf'
AUTOHEADER='${SHELL} /home/tsumardi/madeline/components/etc/cpp/mutil/missing autoheader'
AUTOMAKE='${SHELL} /home/tsumardi/madeline/components/etc/cpp/mutil/missing automake-1.13'
AWK='gawk'
CC='gcc'
CCDEPMODE='depmode=gcc3'
CFLAGS='-g -O2'
CPP='gcc -E'
CPPFLAGS='-I ../../../cpp'
CXX='g++'
CXXCPP='g++ -E'
CXXDEPMODE='depmode=gcc3'
CXXFLAGS='-g -O2'
CYGPATH_W='echo'
DEFS='-DHAVE_CONFIG_H'
DEPDIR='.deps'
ECHO_C=''
ECHO_N='-n'
ECHO_T=''
EGREP='/usr/bin/grep -E'
EXEEXT=''
GREP='/usr/bin/grep'
INSTALL_DATA='${INSTALL} -m 644'
INSTALL_PROGRAM='${INSTALL}'
INSTALL_SCRIPT='${INSTALL}'
INSTALL_STRIP_PROGRAM='$(install_sh) -c -s'
LDFLAGS=''
LIBOBJS=''
LIBS=''
LTLIBOBJS=''
MAKEINFO='${SHELL} /home/tsumardi/madeline/components/etc/cpp/mutil/missing makeinfo'
MKDIR_P='/usr/bin/mkdir -p'
OBJEXT='o'
PACKAGE='ipps'
PACKAGE_BUGREPORT='tsumardi@gmail.com'
PACKAGE_NAME='ipps'
PACKAGE_STRING='ipps 1.0.0'
PACKAGE_TARNAME='ipps'
PACKAGE_URL=''
PACKAGE_VERSION='1.0.0'
PATH_SEPARATOR=':'
PKG_CONFIG='/usr/bin/pkg-config'
PKG_CONFIG_LIBDIR=''
PKG_CONFIG_PATH=''
RANLIB='ranlib'
SET_MAKE=''
SHELL='/bin/sh'
STRIP=''
VERSION='1.0.0'
ac_ct_CC='gcc'
ac_ct_CXX='g++'
am__EXEEXT_FALSE=''
am__EXEEXT_TRUE='#'
am__fastdepCC_FALSE='#'
am__fastdepCC_TRUE=''
am__fastdepCXX_FALSE='#'
am__fastdepCXX_TRUE=''
am__include='include'
am__isrc=''
am__leading_dot='.'
am__nodep='_no'
am__quote=''
am__tar='$${TAR-tar} chof - "$$tardir"'
am__untar='$${TAR-tar} xf -'
bindir='${exec_prefix}/bin'
build_alias=''
datadir='${datarootdir}'
datarootdir='${prefix}/share'
docdir='${datarootdir}/doc/${PACKAGE_TARNAME}'
dvidir='${docdir}'
exec_prefix='${prefix}'
glib2_CFLAGS='-I/usr/include/glib-2.0 -I/usr/lib64/glib-2.0/include  '
glib2_LIBS='-lglib-2.0  '
host_alias=''
htmldir='${docdir}'
includedir='${prefix}/include'
infodir='${datarootdir}/info'
install_sh='${SHELL} /home/tsumardi/madeline/components/etc/cpp/mutil/install-sh'
libdir='${exec_prefix}/lib'
libexecdir='${exec_prefix}/libexec'
localedir='${datarootdir}/locale'
localstatedir='${prefix}/var'
mandir='${datarootdir}/man'
mkdir_p='$(MKDIR_P)'
oldincludedir='/usr/include'
pdfdir='${docdir}'
prefix='/usr/local'
program_transform_name='s,x,x,'
psdir='${docdir}'
sbindir='${exec_prefix}/sbin'
sharedstatedir='${prefix}/com'
sysconfdir='${prefix}/etc'
target_alias=''

## ----------- ##
## confdefs.h. ##
## ----------- ##

/* confdefs.h */
#define PACKAGE_NAME "ipps"
#define PACKAGE_TARNAME "ipps"
#define PACKAGE_VERSION "1.0.0"
#define PACKAGE_STRING "ipps 1.0.0"
#define PACKAGE_BUGREPORT "tsumardi@gmail.com"
#define PACKAGE_URL ""
#define PACKAGE "ipps"
#define VERSION "1.0.0"
#define STDC_HEADERS 1
#define HAVE_SYS_TYPES_H 1
#define HAVE_SYS_STAT_H 1
#define HAVE_STDLIB_H 1
#define HAVE_STRING_H 1
#define HAVE_MEMORY_H 1
#define HAVE_STRINGS_H 1
#define HAVE_INTTYPES_H 1
#define HAVE_STDINT_H 1
#define HAVE_UNISTD_H 1
#define HAVE_STDLIB_H 1
#define HAVE_STRING_H 1
#define HAVE_BOOST_FOREACH_HPP 1

configure: exit 0
